05-Oct-2011 19:20:36 - INFO    :: MainThread : Checking to see if the database has all tables....
05-Oct-2011 19:20:36 - DEBUG   :: MainThread : Trying to execute: "git rev-parse HEAD" with shell in /Users/johnpostlethwait/Documents/workspace/headphones
05-Oct-2011 19:20:36 - DEBUG   :: MainThread : Git output: a688037feacc12782eec012585d4adc260f6e955

05-Oct-2011 19:20:37 - INFO    :: MainThread : Starting Headphones on port: 8181
05-Oct-2011 20:00:23 - INFO    :: MainThread : Received signal: update
05-Oct-2011 20:00:28 - INFO    :: MainThread : Headphones is updating...
05-Oct-2011 20:00:28 - DEBUG   :: MainThread : Trying to execute: "git pull origin master" with shell in /Users/johnpostlethwait/Documents/workspace/headphones
05-Oct-2011 20:00:30 - DEBUG   :: MainThread : Git output: From github.com:JohnPostlethwait/headphones
 * branch            master     -> FETCH_HEAD
Already up-to-date.

05-Oct-2011 20:00:30 - INFO    :: MainThread : No update available, not updating
05-Oct-2011 20:00:30 - INFO    :: MainThread : Output: From github.com:JohnPostlethwait/headphones
 * branch            master     -> FETCH_HEAD
Already up-to-date.

05-Oct-2011 20:00:30 - INFO    :: MainThread : Headphones is restarting...
05-Oct-2011 20:00:30 - INFO    :: MainThread : Restarting Headphones with ['/usr/bin/python', '/Users/johnpostlethwait/Documents/workspace/headphones/Headphones.py', '--nolaunch']
05-Oct-2011 20:00:32 - INFO    :: MainThread : Checking to see if the database has all tables....
05-Oct-2011 20:00:32 - DEBUG   :: MainThread : Trying to execute: "git rev-parse HEAD" with shell in /Users/johnpostlethwait/Documents/workspace/headphones
05-Oct-2011 20:00:32 - DEBUG   :: MainThread : Git output: a688037feacc12782eec012585d4adc260f6e955

05-Oct-2011 20:00:33 - INFO    :: MainThread : Starting Headphones on port: 8181
05-Oct-2011 22:53:15 - INFO    :: MainThread : Checking to see if the database has all tables....
05-Oct-2011 22:53:15 - DEBUG   :: MainThread : Trying to execute: "git rev-parse HEAD" with shell in /Users/johnpostlethwait/Documents/workspace/headphones
05-Oct-2011 22:53:15 - DEBUG   :: MainThread : Git output: a688037feacc12782eec012585d4adc260f6e955

05-Oct-2011 22:54:02 - INFO    :: MainThread : Checking to see if the database has all tables....
05-Oct-2011 22:54:02 - DEBUG   :: MainThread : Trying to execute: "git rev-parse HEAD" with shell in /Users/johnpostlethwait/Documents/workspace/headphones
05-Oct-2011 22:54:02 - DEBUG   :: MainThread : Git output: a688037feacc12782eec012585d4adc260f6e955

05-Oct-2011 22:54:03 - INFO    :: MainThread : Starting Headphones on port: 8181
